[debug] [2026-02-21T05:37:01.808Z] ----------------------------------------------------------------------
[debug] [2026-02-21T05:37:01.810Z] Command:       C:\Program Files\nodejs\node.exe C:\Users\yijon\AppData\Roaming\npm\node_modules\firebase-tools\lib\bin\firebase.js init
[debug] [2026-02-21T05:37:01.810Z] CLI Version:   15.7.0
[debug] [2026-02-21T05:37:01.811Z] Platform:      win32
[debug] [2026-02-21T05:37:01.811Z] Node Version:  v25.6.1
[debug] [2026-02-21T05:37:01.811Z] Time:          Sat Feb 21 2026 14:37:01 GMT+0900 (한국 표준시)
[debug] [2026-02-21T05:37:01.811Z] ----------------------------------------------------------------------
[debug] 
[info] 
     ######## #### ########  ######## ########     ###     ######  ########
     ##        ##  ##     ## ##       ##     ##  ##   ##  ##       ##
     ######    ##  ########  ######   ########  #########  ######  ######
     ##        ##  ##    ##  ##       ##     ## ##     ##       ## ##
     ##       #### ##     ## ######## ########  ##     ##  ######  ########

You're about to initialize a Firebase project in this directory:

  \\wsl.localhost\Ubuntu\home\jon\projects\ai-collab\impact7DB2AIs

[info] 
=== Project Setup
[info] 
[info] First, let's associate this project directory with a Firebase project.
[info] You can create multiple project aliases by running firebase use --add, 
[info] 
[debug] [2026-02-21T05:37:54.351Z] > command requires scopes: ["email","openid","https://www.googleapis.com/auth/cloudplatformprojects.readonly","https://www.googleapis.com/auth/firebase","https://www.googleapis.com/auth/cloud-platform"]
[debug] [2026-02-21T05:37:54.351Z] > authorizing via signed-in user (admin@gw.impact7.kr)
[debug] [2026-02-21T05:37:54.353Z] Checked if tokens are valid: true, expires at: 1771655413991
[debug] [2026-02-21T05:37:54.353Z] Checked if tokens are valid: true, expires at: 1771655413991
[debug] [2026-02-21T05:37:54.354Z] >>> [apiv2][query] GET https://firebase.googleapis.com/v1beta1/projects pageSize=100
[debug] [2026-02-21T05:37:55.049Z] <<< [apiv2][status] GET https://firebase.googleapis.com/v1beta1/projects 200
[debug] [2026-02-21T05:37:55.049Z] <<< [apiv2][body] GET https://firebase.googleapis.com/v1beta1/projects [omitted]
